^ /appdata/
^ /appdata/shared/
^ /appdata/system/
^ /appdata/system/desktop2/
: 7d6ac378eb256051e6a3559ef70e971c /appdata/system/code.pod
: 3b640e68d338e60a59dcc57791d2be67 /appdata/system/widgets.pod
: 18d547d1c2915480be0ad57f98a30643 /appdata/system/settings.pod
^ /appdata/bbs/
^ /desktop/
: e08c445c8087de08279cb5efdf6793e6 /desktop/drive.loc
: b778915f953426fd3e54f34be7136bee /desktop/readme.txt
@ 2025-12-15_15:54:06
$ b8fd33f44a7fba5fbdd50b487986762c /picotunes_v1.p64
@ 2025-12-15_15:59:28
$ 2e377636bdbda41bfb0d72364f085b42 /0.sfx
@ 2025-12-15_15:59:45
$ 2e377636bdbda41bfb0d72364f085b42 /able_ipack_01.sfx
- /0.sfx
@ 2025-12-15_15:59:57
$ 6ab856b9d85628cc910dec7657df1cdd /able_ipack_02.sfx
- /able_ipack_01-2.p64.png
- /able_ipack_02-0.p64.png
@ 2025-12-15_16:00:25
$ d7b2cd19e1e5b856b2b5fd3939430eed /able_ipack_01.sfx
@ 2025-12-15_16:00:26
$ dbb479ad557b7b59480c87acbdd2444f /able_ipack_01.sfx
@ 2025-12-15_16:00:38
$ bdfdff96307f80cc8f0467533971c554 /able_ipack_01.sfx
@ 2025-12-15_16:00:40
$ 38085549962cfb71fccd861b08715873 /able_ipack_01.sfx
@ 2025-12-15_16:00:46
$ 08353d844d839bedf80b3ecd8cd46a4d /able_ipack_01.sfx
@ 2025-12-15_16:00:55
$ 754497655b6b51b59335e5283c65aa5d /able_ipack_01.sfx
@ 2025-12-15_16:00:59
$ c58e9a506904089012188aaaecab4259 /able_ipack_01.sfx
@ 2025-12-15_16:01:00
$ a44f6029b8659417fbf869537574b7ec /able_ipack_01.sfx
@ 2025-12-15_16:01:56
$ c67dc889e5f98256920136a66b470c71 /able_ipack_01.sfx
@ 2025-12-15_16:02:15
$ e9e383b54817d67997a807f487c35722 /able_ipack_01.sfx
@ 2025-12-15_16:13:15
$ d1319e51cfb506c9309ecd968c704bf2 /picotunes_v1.p64
@ 2025-12-15_16:25:52
$ 16fb28882e4e33f811f8fe95e9332846 /picotunes_v1.p64
@ 2025-12-15_17:08:40
$ 53f800ac723bbc0ff7a3bff59f73ce01 /picotunes_v1.p64
@ 2025-12-15_17:22:27
$ 4af04998c932e38852eff2cad9c3021d /picotunes_v1.p64
@ 2025-12-15_17:22:28
$ b86885b26b4d86d9b123d63ed8a642d5 /able_ipack_02.sfx
@ 2025-12-15_17:46:20
$ bcfa75bdbaf3900afd9d0164cc24eef1 /picotunes_v1.p64
@ 2025-12-15_18:02:35
$ 200fa9bb3ba4d64ca4c105385bb40282 /picotunes_v1.p64
@ 2025-12-15_18:17:21
$ ac36bf4a8d611f519722797bdfbaccf1 /picotunes_v1.p64
